# JRE version: OpenJDK Runtime Environment (17.0.1+12) (build 17.0.1+12-39)
# Java VM: OpenJDK 64-Bit Server VM (17.0.1+12-39, mixed mode, sharing, tiered, compressed oops, compressed class ptrs, g1 gc, windows-amd64)
GC Precious Log:
 CPUs: 8 total, 8 available
 Memory: 16131M
 Large Page Support: Disabled
 NUMA Support: Disabled
 Compressed Oops: Enabled (Zero based)
 Heap Region Size: 2M
 Heap Min Capacity: 8M
 Heap Initial Capacity: 254M
 Heap Max Capacity: 4034M
 Pre-touch: Disabled
 Parallel Workers: 8
 Concurrent Workers: 2
 Concurrent Refinement Workers: 8
 Periodic GC: Disabled
Heap:
 garbage-first heap   total 75776K, used 43271K [0x0000000703e00000, 0x0000000800000000)
  region size 2048K, 9 young (18432K), 1 survivors (2048K)
 Metaspace       used 66537K, committed 67008K, reserved 1114112K
  class space    used 8394K, committed 8640K, reserved 1048576K
GC Heap History (20 events):
Event: 26.522 GC heap before
{Heap before GC invocations=28 (full 0):
 garbage-first heap   total 75776K, used 63757K [0x0000000703e00000, 0x0000000800000000)
  region size 2048K, 18 young (36864K), 1 survivors (2048K)
 Metaspace       used 66516K, committed 67008K, reserved 1114112K
  class space    used 8392K, committed 8640K, reserved 1048576K
}
Event: 26.529 GC heap after
{Heap after GC invocations=29 (full 0):
 garbage-first heap   total 75776K, used 28881K [0x0000000703e00000, 0x0000000800000000)
  region size 2048K, 1 young (2048K), 1 survivors (2048K)
 Metaspace       used 66516K, committed 67008K, reserved 1114112K
  class space    used 8392K, committed 8640K, reserved 1048576K
}
Event: 27.356 GC heap before
{Heap before GC invocations=29 (full 0):
 garbage-first heap   total 75776K, used 63697K [0x0000000703e00000, 0x0000000800000000)
  region size 2048K, 18 young (36864K), 1 survivors (2048K)
 Metaspace       used 66523K, committed 67008K, reserved 1114112K
  class space    used 8393K, committed 8640K, reserved 1048576K
}
Event: 27.362 GC heap after
{Heap after GC invocations=30 (full 0):
 garbage-first heap   total 75776K, used 28948K [0x0000000703e00000, 0x0000000800000000)
  region size 2048K, 1 young (2048K), 1 survivors (2048K)
 Metaspace       used 66523K, committed 67008K, reserved 1114112K
  class space    used 8393K, committed 8640K, reserved 1048576K
}
Event: 28.594 GC heap before
{Heap before GC invocations=30 (full 0):
 garbage-first heap   total 75776K, used 63764K [0x0000000703e00000, 0x0000000800000000)
  region size 2048K, 18 young (36864K), 1 survivors (2048K)
 Metaspace       used 66524K, committed 67008K, reserved 1114112K
  class space    used 8393K, committed 8640K, reserved 1048576K
}
Event: 28.603 GC heap after
{Heap after GC invocations=31 (full 0):
 garbage-first heap   total 75776K, used 28953K [0x0000000703e00000, 0x0000000800000000)
  region size 2048K, 1 young (2048K), 1 survivors (2048K)
 Metaspace       used 66524K, committed 67008K, reserved 1114112K
  class space    used 8393K, committed 8640K, reserved 1048576K
}
Event: 38.016 GC heap before
{Heap before GC invocations=31 (full 0):
 garbage-first heap   total 75776K, used 63769K [0x0000000703e00000, 0x0000000800000000)
  region size 2048K, 18 young (36864K), 1 survivors (2048K)
 Metaspace       used 66526K, committed 67008K, reserved 1114112K
  class space    used 8393K, committed 8640K, reserved 1048576K
}
Event: 38.024 GC heap after
{Heap after GC invocations=32 (full 0):
 garbage-first heap   total 75776K, used 28911K [0x0000000703e00000, 0x0000000800000000)
  region size 2048K, 1 young (2048K), 1 survivors (2048K)
 Metaspace       used 66526K, committed 67008K, reserved 1114112K
  class space    used 8393K, committed 8640K, reserved 1048576K
}
Event: 39.272 GC heap before
{Heap before GC invocations=32 (full 0):
 garbage-first heap   total 75776K, used 63727K [0x0000000703e00000, 0x0000000800000000)
  region size 2048K, 18 young (36864K), 1 survivors (2048K)
 Metaspace       used 66532K, committed 67008K, reserved 1114112K
  class space    used 8394K, committed 8640K, reserved 1048576K
}
Event: 39.279 GC heap after
{Heap after GC invocations=33 (full 0):
 garbage-first heap   total 75776K, used 28952K [0x0000000703e00000, 0x0000000800000000)
  region size 2048K, 1 young (2048K), 1 survivors (2048K)
 Metaspace       used 66532K, committed 67008K, reserved 1114112K
  class space    used 8394K, committed 8640K, reserved 1048576K
}
Event: 40.256 GC heap before
{Heap before GC invocations=33 (full 0):
 garbage-first heap   total 75776K, used 63768K [0x0000000703e00000, 0x0000000800000000)
  region size 2048K, 18 young (36864K), 1 survivors (2048K)
 Metaspace       used 66532K, committed 67008K, reserved 1114112K
  class space    used 8394K, committed 8640K, reserved 1048576K
}
Event: 40.264 GC heap after
{Heap after GC invocations=34 (full 0):
 garbage-first heap   total 75776K, used 28889K [0x0000000703e00000, 0x0000000800000000)
  region size 2048K, 1 young (2048K), 1 survivors (2048K)
 Metaspace       used 66532K, committed 67008K, reserved 1114112K
  class space    used 8394K, committed 8640K, reserved 1048576K
}
Event: 40.852 GC heap before
{Heap before GC invocations=34 (full 0):
 garbage-first heap   total 75776K, used 61657K [0x0000000703e00000, 0x0000000800000000)
  region size 2048K, 17 young (34816K), 1 survivors (2048K)
 Metaspace       used 66532K, committed 67008K, reserved 1114112K
  class space    used 8394K, committed 8640K, reserved 1048576K
}
Event: 40.856 GC heap after
{Heap after GC invocations=35 (full 0):
 garbage-first heap   total 75776K, used 28906K [0x0000000703e00000, 0x0000000800000000)
  region size 2048K, 1 young (2048K), 1 survivors (2048K)
 Metaspace       used 66532K, committed 67008K, reserved 1114112K
  class space    used 8394K, committed 8640K, reserved 1048576K
}
Event: 41.317 GC heap before
{Heap before GC invocations=35 (full 0):
 garbage-first heap   total 75776K, used 61674K [0x0000000703e00000, 0x0000000800000000)
  region size 2048K, 17 young (34816K), 1 survivors (2048K)
 Metaspace       used 66534K, committed 67008K, reserved 1114112K
  class space    used 8394K, committed 8640K, reserved 1048576K
}
Event: 41.319 GC heap after
{Heap after GC invocations=36 (full 0):
 garbage-first heap   total 75776K, used 28938K [0x0000000703e00000, 0x0000000800000000)
  region size 2048K, 1 young (2048K), 1 survivors (2048K)
 Metaspace       used 66534K, committed 67008K, reserved 1114112K
  class space    used 8394K, committed 8640K, reserved 1048576K
}
Event: 41.886 GC heap before
{Heap before GC invocations=36 (full 0):
 garbage-first heap   total 75776K, used 61706K [0x0000000703e00000, 0x0000000800000000)
  region size 2048K, 17 young (34816K), 1 survivors (2048K)
 Metaspace       used 66534K, committed 67008K, reserved 1114112K
  class space    used 8394K, committed 8640K, reserved 1048576K
}
Event: 41.889 GC heap after
{Heap after GC invocations=37 (full 0):
 garbage-first heap   total 75776K, used 28929K [0x0000000703e00000, 0x0000000800000000)
  region size 2048K, 1 young (2048K), 1 survivors (2048K)
 Metaspace       used 66534K, committed 67008K, reserved 1114112K
  class space    used 8394K, committed 8640K, reserved 1048576K
}
Event: 42.377 GC heap before
{Heap before GC invocations=37 (full 0):
 garbage-first heap   total 75776K, used 61697K [0x0000000703e00000, 0x0000000800000000)
  region size 2048K, 17 young (34816K), 1 survivors (2048K)
 Metaspace       used 66537K, committed 67008K, reserved 1114112K
  class space    used 8394K, committed 8640K, reserved 1048576K
}
Event: 42.379 GC heap after
{Heap after GC invocations=38 (full 0):
 garbage-first heap   total 75776K, used 28935K [0x0000000703e00000, 0x0000000800000000)
  region size 2048K, 1 young (2048K), 1 survivors (2048K)
 Metaspace       used 66537K, committed 67008K, reserved 1114112K
  class space    used 8394K, committed 8640K, reserved 1048576K
}

